<?xml version="1.0" encoding="UTF-8"?>
<testng-results ignored="0" total="1" passed="1" failed="0" skipped="0">
  <reporter-output>
  </reporter-output>
  <suite started-at="2024-12-25T23:44:56 IST" name="Default suite" finished-at="2024-12-25T23:45:49 IST" duration-ms="53095">
    <groups>
    </groups>
    <test started-at="2024-12-25T23:44:56 IST" name="Default test" finished-at="2024-12-25T23:45:49 IST" duration-ms="53095">
      <class name="PavanProject.Appium.AppiumBasics">
        <test-method is-config="true" signature="ConfigureAppium()[pri:0, instance:PavanProject.Appium.AppiumBasics@5fe94a96]" started-at="2024-12-25T23:44:56 IST" name="ConfigureAppium" finished-at="2024-12-25T23:45:33 IST" duration-ms="36957" status="PASS">
          <reporter-output>
          </reporter-output>
        </test-method> <!-- ConfigureAppium -->
        <test-method signature="WifiSettingName()[pri:0, instance:PavanProject.Appium.AppiumBasics@5fe94a96]" started-at="2024-12-25T23:45:33 IST" name="WifiSettingName" finished-at="2024-12-25T23:45:47 IST" duration-ms="13988" status="PASS">
          <reporter-output>
          </reporter-output>
        </test-method> <!-- WifiSettingName -->
        <test-method is-config="true" signature="Teardown()[pri:0, instance:PavanProject.Appium.AppiumBasics@5fe94a96]" started-at="2024-12-25T23:45:47 IST" name="Teardown" finished-at="2024-12-25T23:45:49 IST" duration-ms="2058" status="PASS">
          <reporter-output>
          </reporter-output>
        </test-method> <!-- Teardown -->
      </class> <!-- PavanProject.Appium.AppiumBasics -->
    </test> <!-- Default test -->
  </suite> <!-- Default suite -->
</testng-results>
