# JRE version: OpenJDK Runtime Environment Temurin-21.0.5+11 (21.0.5+11) (build 21.0.5+11-LTS)
# Java VM: OpenJDK 64-Bit Server VM Temurin-21.0.5+11 (21.0.5+11-LTS, mixed mode, emulated-client, sharing, tiered, compressed oops, compressed class ptrs, g1 gc, windows-amd64)
GC Precious Log:
 CardTable entry size: 512
 Card Set container configuration: InlinePtr #cards 5 size 8 Array Of Cards #cards 12 size 40 Howl #buckets 4 coarsen threshold 1843 Howl Bitmap #cards 512 size 80 coarsen threshold 460 Card regions per heap region 1 cards per card region 2048
 CPUs: 12 total, 12 available
 Memory: 8028M
 Large Page Support: Disabled
 NUMA Support: Disabled
 Compressed Oops: Enabled (32-bit)
 Heap Region Size: 1M
 Heap Min Capacity: 8M
 Heap Initial Capacity: 126M
 Heap Max Capacity: 1G
 Pre-touch: Disabled
 Parallel Workers: 10
 Concurrent Workers: 3
 Concurrent Refinement Workers: 10
 Periodic GC: Disabled
Heap:
 garbage-first heap   total 140288K, used 43391K [0x00000000c0000000, 0x0000000100000000)
  region size 1024K, 1 young (1024K), 0 survivors (0K)
 Metaspace       used 57543K, committed 58304K, reserved 1114112K
  class space    used 7157K, committed 7488K, reserved 1048576K
GC Heap History (20 events):
Event: 45829.830 GC heap after
{Heap after GC invocations=2077 (full 2035):
 garbage-first heap   total 140288K, used 51952K [0x00000000c0000000, 0x0000000100000000)
  region size 1024K, 0 young (0K), 0 survivors (0K)
 Metaspace       used 57541K, committed 58304K, reserved 1114112K
  class space    used 7157K, committed 7488K, reserved 1048576K
}
Event: 45840.022 GC heap before
{Heap before GC invocations=2077 (full 2035):
 garbage-first heap   total 140288K, used 51952K [0x00000000c0000000, 0x0000000100000000)
  region size 1024K, 1 young (1024K), 0 survivors (0K)
 Metaspace       used 57541K, committed 58304K, reserved 1114112K
  class space    used 7157K, committed 7488K, reserved 1048576K
}
Event: 45840.057 GC heap after
{Heap after GC invocations=2078 (full 2036):
 garbage-first heap   total 140288K, used 51952K [0x00000000c0000000, 0x0000000100000000)
  region size 1024K, 0 young (0K), 0 survivors (0K)
 Metaspace       used 57541K, committed 58304K, reserved 1114112K
  class space    used 7157K, committed 7488K, reserved 1048576K
}
Event: 45850.247 GC heap before
{Heap before GC invocations=2078 (full 2036):
 garbage-first heap   total 140288K, used 51952K [0x00000000c0000000, 0x0000000100000000)
  region size 1024K, 1 young (1024K), 0 survivors (0K)
 Metaspace       used 57541K, committed 58304K, reserved 1114112K
  class space    used 7157K, committed 7488K, reserved 1048576K
}
Event: 45850.287 GC heap after
{Heap after GC invocations=2079 (full 2037):
 garbage-first heap   total 140288K, used 51952K [0x00000000c0000000, 0x0000000100000000)
  region size 1024K, 0 young (0K), 0 survivors (0K)
 Metaspace       used 57541K, committed 58304K, reserved 1114112K
  class space    used 7157K, committed 7488K, reserved 1048576K
}
Event: 45860.541 GC heap before
{Heap before GC invocations=2079 (full 2037):
 garbage-first heap   total 140288K, used 51952K [0x00000000c0000000, 0x0000000100000000)
  region size 1024K, 1 young (1024K), 0 survivors (0K)
 Metaspace       used 57541K, committed 58304K, reserved 1114112K
  class space    used 7157K, committed 7488K, reserved 1048576K
}
Event: 45860.581 GC heap after
{Heap after GC invocations=2080 (full 2038):
 garbage-first heap   total 140288K, used 51952K [0x00000000c0000000, 0x0000000100000000)
  region size 1024K, 0 young (0K), 0 survivors (0K)
 Metaspace       used 57541K, committed 58304K, reserved 1114112K
  class space    used 7157K, committed 7488K, reserved 1048576K
}
Event: 45911.250 GC heap before
{Heap before GC invocations=2080 (full 2038):
 garbage-first heap   total 140288K, used 52976K [0x00000000c0000000, 0x0000000100000000)
  region size 1024K, 2 young (2048K), 0 survivors (0K)
 Metaspace       used 57549K, committed 58304K, reserved 1114112K
  class space    used 7159K, committed 7488K, reserved 1048576K
}
Event: 45911.585 GC heap after
{Heap after GC invocations=2081 (full 2039):
 garbage-first heap   total 140288K, used 43390K [0x00000000c0000000, 0x0000000100000000)
  region size 1024K, 0 young (0K), 0 survivors (0K)
 Metaspace       used 57549K, committed 58304K, reserved 1114112K
  class space    used 7159K, committed 7488K, reserved 1048576K
}
Event: 45922.497 GC heap before
{Heap before GC invocations=2081 (full 2039):
 garbage-first heap   total 140288K, used 43390K [0x00000000c0000000, 0x0000000100000000)
  region size 1024K, 1 young (1024K), 0 survivors (0K)
 Metaspace       used 57549K, committed 58304K, reserved 1114112K
  class space    used 7159K, committed 7488K, reserved 1048576K
}
Event: 45922.555 GC heap after
{Heap after GC invocations=2082 (full 2040):
 garbage-first heap   total 140288K, used 43390K [0x00000000c0000000, 0x0000000100000000)
  region size 1024K, 0 young (0K), 0 survivors (0K)
 Metaspace       used 57549K, committed 58304K, reserved 1114112K
  class space    used 7159K, committed 7488K, reserved 1048576K
}
Event: 45932.918 GC heap before
{Heap before GC invocations=2082 (full 2040):
 garbage-first heap   total 140288K, used 43390K [0x00000000c0000000, 0x0000000100000000)
  region size 1024K, 1 young (1024K), 0 survivors (0K)
 Metaspace       used 57549K, committed 58304K, reserved 1114112K
  class space    used 7159K, committed 7488K, reserved 1048576K
}
Event: 45933.042 GC heap after
{Heap after GC invocations=2083 (full 2041):
 garbage-first heap   total 140288K, used 43390K [0x00000000c0000000, 0x0000000100000000)
  region size 1024K, 0 young (0K), 0 survivors (0K)
 Metaspace       used 57549K, committed 58304K, reserved 1114112K
  class space    used 7159K, committed 7488K, reserved 1048576K
}
Event: 45943.389 GC heap before
{Heap before GC invocations=2083 (full 2041):
 garbage-first heap   total 140288K, used 43390K [0x00000000c0000000, 0x0000000100000000)
  region size 1024K, 1 young (1024K), 0 survivors (0K)
 Metaspace       used 57549K, committed 58304K, reserved 1114112K
  class space    used 7159K, committed 7488K, reserved 1048576K
}
Event: 45943.457 GC heap after
{Heap after GC invocations=2084 (full 2042):
 garbage-first heap   total 140288K, used 43390K [0x00000000c0000000, 0x0000000100000000)
  region size 1024K, 0 young (0K), 0 survivors (0K)
 Metaspace       used 57549K, committed 58304K, reserved 1114112K
  class space    used 7159K, committed 7488K, reserved 1048576K
}
Event: 45964.045 GC heap before
{Heap before GC invocations=2084 (full 2042):
 garbage-first heap   total 140288K, used 43390K [0x00000000c0000000, 0x0000000100000000)
  region size 1024K, 1 young (1024K), 0 survivors (0K)
 Metaspace       used 57549K, committed 58304K, reserved 1114112K
  class space    used 7159K, committed 7488K, reserved 1048576K
}
Event: 45964.117 GC heap after
{Heap after GC invocations=2085 (full 2043):
 garbage-first heap   total 140288K, used 43391K [0x00000000c0000000, 0x0000000100000000)
  region size 1024K, 0 young (0K), 0 survivors (0K)
 Metaspace       used 57549K, committed 58304K, reserved 1114112K
  class space    used 7159K, committed 7488K, reserved 1048576K
}
Event: 45977.546 GC heap before
{Heap before GC invocations=2085 (full 2043):
 garbage-first heap   total 140288K, used 43391K [0x00000000c0000000, 0x0000000100000000)
  region size 1024K, 1 young (1024K), 0 survivors (0K)
 Metaspace       used 57549K, committed 58304K, reserved 1114112K
  class space    used 7159K, committed 7488K, reserved 1048576K
}
Event: 45986.105 GC heap after
{Heap after GC invocations=2086 (full 2044):
 garbage-first heap   total 140288K, used 43391K [0x00000000c0000000, 0x0000000100000000)
  region size 1024K, 0 young (0K), 0 survivors (0K)
 Metaspace       used 57543K, committed 58304K, reserved 1114112K
  class space    used 7157K, committed 7488K, reserved 1048576K
}
Event: 45996.423 GC heap before
{Heap before GC invocations=2086 (full 2044):
 garbage-first heap   total 140288K, used 43391K [0x00000000c0000000, 0x0000000100000000)
  region size 1024K, 1 young (1024K), 0 survivors (0K)
 Metaspace       used 57543K, committed 58304K, reserved 1114112K
  class space    used 7157K, committed 7488K, reserved 1048576K
}

